This file contains any messages produced by compilers while
running configure, to aid debugging if configure makes a mistake.

It was created by configure, which was
generated by GNU Autoconf 2.69.  Invocation command line was

  $ ./configure --prefix=/d/MIPT/C_plus_plus/add_libraries/fltk_m

## --------- ##
## Platform. ##
## --------- ##

hostname = WIN-JQN81N4V31T
uname -m = x86_64
uname -r = 3.4.7-ea781829.x86_64
uname -s = MINGW64_NT-10.0-19045
uname -v = 2023-07-05 12:05 UTC

/usr/bin/uname -p = unknown
/bin/uname -X     = unknown

/bin/arch              = x86_64
/usr/bin/arch -k       = unknown
/usr/convex/getsysinfo = unknown
/usr/bin/hostinfo      = unknown
/bin/machine           = unknown
/usr/bin/oslevel       = unknown
/bin/universe          = unknown

PATH: /c/Users/User/bin
PATH: /mingw64/bin
PATH: /usr/local/bin
PATH: /usr/bin
PATH: /bin
PATH: /mingw64/bin
PATH: /usr/bin
PATH: /c/Users/User/bin
PATH: /c/WINDOWS/system32
PATH: /c/WINDOWS
PATH: /c/WINDOWS/System32/Wbem
PATH: /c/WINDOWS/System32/WindowsPowerShell/v1.0
PATH: /c/Program Files (x86)/Common Files/Acronis/SnapAPI
PATH: /c/Program Files (x86)/Windows Live/Shared
PATH: /c/WINDOWS/System32/OpenSSH
PATH: /c/Go/Git/cmd
PATH: /c/Program Files/Common Files/Autodesk Shared
PATH: /c/Program Files/Microsoft SQL Server/120/Tools/Binn
PATH: /c/Program Files/WireGuard
PATH: /cmd
PATH: /c/Program Files/mingw64/bin
PATH: /c/Program Files/CMake/bin
PATH: /c/Users/User/AppData/Local/Programs/Python/Python311/Scripts
PATH: /c/Users/User/AppData/Local/Programs/Python/Python311
PATH: /c/Users/User/AppData/Local/Microsoft/WindowsApps
PATH: /c/Users/User/go/bin
PATH: /c/Users/User/AppData/Local/JetBrains/Toolbox/scripts
PATH: /c/Program Files/JetBrains/PyCharm 2023.2/bin
PATH: /c/Users/User/AppData/Local/Programs/Microsoft VS Code/bin
PATH: /usr/bin/vendor_perl
PATH: /usr/bin/core_perl


## ----------- ##
## Core tests. ##
## ----------- ##

configure:2512: checking build system type
configure:2526: result: x86_64-pc-mingw64
configure:2546: checking host system type
configure:2559: result: x86_64-pc-mingw64
configure:2636: checking for gcc
configure:2652: found /c/Program Files/mingw64/bin/gcc
configure:2663: result: gcc
configure:2892: checking for C compiler version
configure:2901: gcc --version >&5
gcc.exe (x86_64-posix-seh-rev1, Built by MinGW-Builds project) 13.1.0
Copyright (C) 2023 Free Software Foundation, Inc.
This is free software; see the source for copying conditions.  There is NO
warranty; not even for MERCHANTABILITY or FITNESS FOR A PARTICULAR PURPOSE.

configure:2912: $? = 0
configure:2901: gcc -v >&5
Using built-in specs.
COLLECT_GCC=C:\Program Files\mingw64\bin\gcc.exe
COLLECT_LTO_WRAPPER=C:/Program\ Files/mingw64/bin/../libexec/gcc/x86_64-w64-mingw32/13.1.0/lto-wrapper.exe
Target: x86_64-w64-mingw32
Configured with: ../../../src/gcc-13.1.0/configure --host=x86_64-w64-mingw32 --build=x86_64-w64-mingw32 --target=x86_64-w64-mingw32 --prefix=/mingw64 --with-sysroot=/c/buildroot/x86_64-1310-posix-seh-ucrt-rt_v11-rev1/mingw64 --enable-host-shared --disable-multilib --enable-languages=c,c++,fortran,lto --enable-libstdcxx-time=yes --enable-threads=posix --enable-libgomp --enable-libatomic --enable-lto --enable-graphite --enable-checking=release --enable-fully-dynamic-string --enable-version-specific-runtime-libs --enable-libstdcxx-filesystem-ts=yes --disable-libssp --disable-libstdcxx-pch --disable-libstdcxx-debug --enable-bootstrap --disable-rpath --disable-win32-registry --disable-nls --disable-werror --disable-symvers --with-gnu-as --with-gnu-ld --with-arch=nocona --with-tune=core2 --with-libiconv --with-system-zlib --with-gmp=/c/buildroot/prerequisites/x86_64-w64-mingw32-static --with-mpfr=/c/buildroot/prerequisites/x86_64-w64-mingw32-static --with-mpc=/c/buildroot/prerequisites/x86_64-w64-mingw32-static --with-isl=/c/buildroot/prerequisites/x86_64-w64-mingw32-static --with-pkgversion='x86_64-posix-seh-rev1, Built by MinGW-Builds project' --with-bugurl=https://github.com/niXman/mingw-builds CFLAGS='-O2 -pipe -fno-ident -I/c/buildroot/x86_64-1310-posix-seh-ucrt-rt_v11-rev1/mingw64/opt/include -I/c/buildroot/prerequisites/x86_64-zlib-static/include -I/c/buildroot/prerequisites/x86_64-w64-mingw32-static/include' CXXFLAGS='-O2 -pipe -fno-ident -I/c/buildroot/x86_64-1310-posix-seh-ucrt-rt_v11-rev1/mingw64/opt/include -I/c/buildroot/prerequisites/x86_64-zlib-static/include -I/c/buildroot/prerequisites/x86_64-w64-mingw32-static/include' CPPFLAGS=' -I/c/buildroot/x86_64-1310-posix-seh-ucrt-rt_v11-rev1/mingw64/opt/include -I/c/buildroot/prerequisites/x86_64-zlib-static/include -I/c/buildroot/prerequisites/x86_64-w64-mingw32-static/include' LDFLAGS='-pipe -fno-ident -L/c/buildroot/x86_64-1310-posix-seh-ucrt-rt_v11-rev1/mingw64/opt/lib -L/c/buildroot/prerequisites/x86_64-zlib-static/lib -L/c/buildroot/prerequisites/x86_64-w64-mingw32-static/lib ' LD_FOR_TARGET=/c/buildroot/x86_64-1310-posix-seh-ucrt-rt_v11-rev1/mingw64/bin/ld.exe --with-boot-ldflags=' -Wl,--disable-dynamicbase -static-libstdc++ -static-libgcc'
Thread model: posix
Supported LTO compression algorithms: zlib
gcc version 13.1.0 (x86_64-posix-seh-rev1, Built by MinGW-Builds project) 
configure:2912: $? = 0
configure:2901: gcc -V >&5
gcc.exe: error: unrecognized command-line option '-V'
gcc.exe: fatal error: no input files
compilation terminated.
configure:2912: $? = 1
configure:2901: gcc -qversion >&5
gcc.exe: error: unrecognized command-line option '-qversion'; did you mean '--version'?
gcc.exe: fatal error: no input files
compilation terminated.
configure:2912: $? = 1
configure:2932: checking whether the C compiler works
configure:2954: gcc    conftest.c  >&5
configure:2958: $? = 0
configure:3006: result: yes
configure:3009: checking for C compiler default output file name
configure:3011: result: a.exe
configure:3017: checking for suffix of executables
configure:3024: gcc -o conftest.exe    conftest.c  >&5
configure:3028: $? = 0
configure:3050: result: .exe
configure:3072: checking whether we are cross compiling
configure:3080: gcc -o conftest.exe    conftest.c  >&5
configure:3084: $? = 0
configure:3091: ./conftest.exe
configure:3095: $? = 0
configure:3110: result: no
configure:3115: checking for suffix of object files
configure:3137: gcc -c   conftest.c >&5
configure:3141: $? = 0
configure:3162: result: o
configure:3166: checking whether we are using the GNU C compiler
configure:3185: gcc -c   conftest.c >&5
configure:3185: $? = 0
configure:3194: result: yes
configure:3203: checking whether gcc accepts -g
configure:3223: gcc -c -g  conftest.c >&5
configure:3223: $? = 0
configure:3264: result: yes
configure:3281: checking for gcc option to accept ISO C89
configure:3344: gcc  -c   conftest.c >&5
configure:3344: $? = 0
configure:3357: result: none needed
configure:3435: checking for g++
configure:3451: found /c/Program Files/mingw64/bin/g++
configure:3462: result: g++
configure:3489: checking for C++ compiler version
configure:3498: g++ --version >&5
g++.exe (x86_64-posix-seh-rev1, Built by MinGW-Builds project) 13.1.0
Copyright (C) 2023 Free Software Foundation, Inc.
This is free software; see the source for copying conditions.  There is NO
warranty; not even for MERCHANTABILITY or FITNESS FOR A PARTICULAR PURPOSE.

configure:3509: $? = 0
configure:3498: g++ -v >&5
Using built-in specs.
COLLECT_GCC=C:\Program Files\mingw64\bin\g++.exe
COLLECT_LTO_WRAPPER=C:/Program\ Files/mingw64/bin/../libexec/gcc/x86_64-w64-mingw32/13.1.0/lto-wrapper.exe
Target: x86_64-w64-mingw32
Configured with: ../../../src/gcc-13.1.0/configure --host=x86_64-w64-mingw32 --build=x86_64-w64-mingw32 --target=x86_64-w64-mingw32 --prefix=/mingw64 --with-sysroot=/c/buildroot/x86_64-1310-posix-seh-ucrt-rt_v11-rev1/mingw64 --enable-host-shared --disable-multilib --enable-languages=c,c++,fortran,lto --enable-libstdcxx-time=yes --enable-threads=posix --enable-libgomp --enable-libatomic --enable-lto --enable-graphite --enable-checking=release --enable-fully-dynamic-string --enable-version-specific-runtime-libs --enable-libstdcxx-filesystem-ts=yes --disable-libssp --disable-libstdcxx-pch --disable-libstdcxx-debug --enable-bootstrap --disable-rpath --disable-win32-registry --disable-nls --disable-werror --disable-symvers --with-gnu-as --with-gnu-ld --with-arch=nocona --with-tune=core2 --with-libiconv --with-system-zlib --with-gmp=/c/buildroot/prerequisites/x86_64-w64-mingw32-static --with-mpfr=/c/buildroot/prerequisites/x86_64-w64-mingw32-static --with-mpc=/c/buildroot/prerequisites/x86_64-w64-mingw32-static --with-isl=/c/buildroot/prerequisites/x86_64-w64-mingw32-static --with-pkgversion='x86_64-posix-seh-rev1, Built by MinGW-Builds project' --with-bugurl=https://github.com/niXman/mingw-builds CFLAGS='-O2 -pipe -fno-ident -I/c/buildroot/x86_64-1310-posix-seh-ucrt-rt_v11-rev1/mingw64/opt/include -I/c/buildroot/prerequisites/x86_64-zlib-static/include -I/c/buildroot/prerequisites/x86_64-w64-mingw32-static/include' CXXFLAGS='-O2 -pipe -fno-ident -I/c/buildroot/x86_64-1310-posix-seh-ucrt-rt_v11-rev1/mingw64/opt/include -I/c/buildroot/prerequisites/x86_64-zlib-static/include -I/c/buildroot/prerequisites/x86_64-w64-mingw32-static/include' CPPFLAGS=' -I/c/buildroot/x86_64-1310-posix-seh-ucrt-rt_v11-rev1/mingw64/opt/include -I/c/buildroot/prerequisites/x86_64-zlib-static/include -I/c/buildroot/prerequisites/x86_64-w64-mingw32-static/include' LDFLAGS='-pipe -fno-ident -L/c/buildroot/x86_64-1310-posix-seh-ucrt-rt_v11-rev1/mingw64/opt/lib -L/c/buildroot/prerequisites/x86_64-zlib-static/lib -L/c/buildroot/prerequisites/x86_64-w64-mingw32-static/lib ' LD_FOR_TARGET=/c/buildroot/x86_64-1310-posix-seh-ucrt-rt_v11-rev1/mingw64/bin/ld.exe --with-boot-ldflags=' -Wl,--disable-dynamicbase -static-libstdc++ -static-libgcc'
Thread model: posix
Supported LTO compression algorithms: zlib
gcc version 13.1.0 (x86_64-posix-seh-rev1, Built by MinGW-Builds project) 
configure:3509: $? = 0
configure:3498: g++ -V >&5
g++.exe: error: unrecognized command-line option '-V'
g++.exe: fatal error: no input files
compilation terminated.
configure:3509: $? = 1
configure:3498: g++ -qversion >&5
g++.exe: error: unrecognized command-line option '-qversion'; did you mean '--version'?
g++.exe: fatal error: no input files
compilation terminated.
configure:3509: $? = 1
configure:3513: checking whether we are using the GNU C++ compiler
configure:3532: g++ -c   conftest.cpp >&5
configure:3532: $? = 0
configure:3541: result: yes
configure:3550: checking whether g++ accepts -g
configure:3570: g++ -c -g  conftest.cpp >&5
configure:3570: $? = 0
configure:3611: result: yes
configure:4121: checking for a BSD-compatible install
configure:4189: result: /usr/bin/install -c
configure:4211: checking for nroff
configure:4244: result: no
configure:4299: checking for doxygen
configure:4332: result: no
configure:4381: checking for ranlib
configure:4397: found /c/Program Files/mingw64/bin/ranlib
configure:4408: result: ranlib
configure:4476: checking for ar
configure:4494: found /c/Program Files/mingw64/bin/ar
configure:4506: result: /c/Program Files/mingw64/bin/ar
configure:4587: checking for windres
configure:4605: found /c/Program Files/mingw64/bin/windres
configure:4617: result: /c/Program Files/mingw64/bin/windres
configure:4646: checking how to run the C preprocessor
configure:4677: gcc -E  conftest.c
configure:4677: $? = 0
configure:4691: gcc -E  conftest.c
conftest.c:9:10: fatal error: ac_nonexistent.h: No such file or directory
    9 | #include <ac_nonexistent.h>
      |          ^~~~~~~~~~~~~~~~~~
compilation terminated.
configure:4691: $? = 1
configure: failed program was:
| /* confdefs.h */
| #define PACKAGE_NAME ""
| #define PACKAGE_TARNAME ""
| #define PACKAGE_VERSION ""
| #define PACKAGE_STRING ""
| #define PACKAGE_BUGREPORT ""
| #define PACKAGE_URL ""
| /* end confdefs.h.  */
| #include <ac_nonexistent.h>
configure:4716: result: gcc -E
configure:4736: gcc -E  conftest.c
configure:4736: $? = 0
configure:4750: gcc -E  conftest.c
conftest.c:9:10: fatal error: ac_nonexistent.h: No such file or directory
    9 | #include <ac_nonexistent.h>
      |          ^~~~~~~~~~~~~~~~~~
compilation terminated.
configure:4750: $? = 1
configure: failed program was:
| /* confdefs.h */
| #define PACKAGE_NAME ""
| #define PACKAGE_TARNAME ""
| #define PACKAGE_VERSION ""
| #define PACKAGE_STRING ""
| #define PACKAGE_BUGREPORT ""
| #define PACKAGE_URL ""
| /* end confdefs.h.  */
| #include <ac_nonexistent.h>
configure:4779: checking for grep that handles long lines and -e
configure:4837: result: /usr/bin/grep
configure:4842: checking for egrep
configure:4904: result: /usr/bin/grep -E
configure:4909: checking for ANSI C header files
configure:4929: gcc -c   conftest.c >&5
configure:4929: $? = 0
configure:5002: gcc -o conftest.exe    conftest.c  >&5
configure:5002: $? = 0
configure:5002: ./conftest.exe
configure:5002: $? = 0
configure:5013: result: yes
configure:5026: checking for sys/types.h
configure:5026: gcc -c   conftest.c >&5
configure:5026: $? = 0
configure:5026: result: yes
configure:5026: checking for sys/stat.h
configure:5026: gcc -c   conftest.c >&5
configure:5026: $? = 0
configure:5026: result: yes
configure:5026: checking for stdlib.h
configure:5026: gcc -c   conftest.c >&5
configure:5026: $? = 0
configure:5026: result: yes
configure:5026: checking for string.h
configure:5026: gcc -c   conftest.c >&5
configure:5026: $? = 0
configure:5026: result: yes
configure:5026: checking for memory.h
configure:5026: gcc -c   conftest.c >&5
configure:5026: $? = 0
configure:5026: result: yes
configure:5026: checking for strings.h
configure:5026: gcc -c   conftest.c >&5
configure:5026: $? = 0
configure:5026: result: yes
configure:5026: checking for inttypes.h
configure:5026: gcc -c   conftest.c >&5
configure:5026: $? = 0
configure:5026: result: yes
configure:5026: checking for stdint.h
configure:5026: gcc -c   conftest.c >&5
configure:5026: $? = 0
configure:5026: result: yes
configure:5026: checking for unistd.h
configure:5026: gcc -c   conftest.c >&5
configure:5026: $? = 0
configure:5026: result: yes
configure:5042: checking size of short
configure:5047: gcc -o conftest.exe    conftest.c  >&5
configure:5047: $? = 0
configure:5047: ./conftest.exe
configure:5047: $? = 0
configure:5061: result: 2
configure:5075: checking size of int
configure:5080: gcc -o conftest.exe    conftest.c  >&5
configure:5080: $? = 0
configure:5080: ./conftest.exe
configure:5080: $? = 0
configure:5094: result: 4
configure:5108: checking size of long
configure:5113: gcc -o conftest.exe    conftest.c  >&5
configure:5113: $? = 0
configure:5113: ./conftest.exe
configure:5113: $? = 0
configure:5127: result: 4
configure:5154: checking whether byte ordering is bigendian
configure:5169: gcc -c   conftest.c >&5
conftest.c:25:16: error: unknown type name 'not'
   25 |                not a universal capable compiler
      |                ^~~
conftest.c:25:22: error: expected '=', ',', ';', 'asm' or '__attribute__' before 'universal'
   25 |                not a universal capable compiler
      |                      ^~~~~~~~~
conftest.c:25:22: error: unknown type name 'universal'
configure:5169: $? = 1
configure: failed program was:
| /* confdefs.h */
| #define PACKAGE_NAME ""
| #define PACKAGE_TARNAME ""
| #define PACKAGE_VERSION ""
| #define PACKAGE_STRING ""
| #define PACKAGE_BUGREPORT ""
| #define PACKAGE_URL ""
| #define STDC_HEADERS 1
| #define HAVE_SYS_TYPES_H 1
| #define HAVE_SYS_STAT_H 1
| #define HAVE_STDLIB_H 1
| #define HAVE_STRING_H 1
| #define HAVE_MEMORY_H 1
| #define HAVE_STRINGS_H 1
| #define HAVE_INTTYPES_H 1
| #define HAVE_STDINT_H 1
| #define HAVE_UNISTD_H 1
| #define SIZEOF_SHORT 2
| #define SIZEOF_INT 4
| #define SIZEOF_LONG 4
| #define U16 unsigned short
| #define U32 unsigned
| /* end confdefs.h.  */
| #ifndef __APPLE_CC__
| 	       not a universal capable compiler
| 	     #endif
| 	     typedef int dummy;
| 
configure:5214: gcc -c   conftest.c >&5
configure:5214: $? = 0
configure:5232: gcc -c   conftest.c >&5
conftest.c: In function 'main':
conftest.c:31:18: error: unknown type name 'not'; did you mean 'ino_t'?
   31 |                  not big endian
      |                  ^~~
      |                  ino_t
conftest.c:31:26: error: expected '=', ',', ';', 'asm' or '__attribute__' before 'endian'
   31 |                  not big endian
      |                          ^~~~~~
configure:5232: $? = 1
configure: failed program was:
| /* confdefs.h */
| #define PACKAGE_NAME ""
| #define PACKAGE_TARNAME ""
| #define PACKAGE_VERSION ""
| #define PACKAGE_STRING ""
| #define PACKAGE_BUGREPORT ""
| #define PACKAGE_URL ""
| #define STDC_HEADERS 1
| #define HAVE_SYS_TYPES_H 1
| #define HAVE_SYS_STAT_H 1
| #define HAVE_STDLIB_H 1
| #define HAVE_STRING_H 1
| #define HAVE_MEMORY_H 1
| #define HAVE_STRINGS_H 1
| #define HAVE_INTTYPES_H 1
| #define HAVE_STDINT_H 1
| #define HAVE_UNISTD_H 1
| #define SIZEOF_SHORT 2
| #define SIZEOF_INT 4
| #define SIZEOF_LONG 4
| #define U16 unsigned short
| #define U32 unsigned
| /* end confdefs.h.  */
| #include <sys/types.h>
| 		#include <sys/param.h>
| 
| int
| main ()
| {
| #if BYTE_ORDER != BIG_ENDIAN
| 		 not big endian
| 		#endif
| 
|   ;
|   return 0;
| }
configure:5360: result: no
configure:5391: checking whether the compiler recognizes bool as a built-in type
configure:5421: g++ -c   conftest.cpp >&5
configure:5421: $? = 0
configure:5435: result: yes
configure:5445: checking for dirent.h that defines DIR
configure:5464: gcc -c   conftest.c >&5
configure:5464: $? = 0
configure:5472: result: yes
configure:5485: checking for library containing opendir
configure:5516: gcc -o conftest.exe    conftest.c  >&5
configure:5516: $? = 0
configure:5533: result: none required
configure:5603: checking sys/select.h usability
configure:5603: gcc -c   conftest.c >&5
conftest.c:58:10: fatal error: sys/select.h: No such file or directory
   58 | #include <sys/select.h>
      |          ^~~~~~~~~~~~~~
compilation terminated.
configure:5603: $? = 1
configure: failed program was:
| /* confdefs.h */
| #define PACKAGE_NAME ""
| #define PACKAGE_TARNAME ""
| #define PACKAGE_VERSION ""
| #define PACKAGE_STRING ""
| #define PACKAGE_BUGREPORT ""
| #define PACKAGE_URL ""
| #define STDC_HEADERS 1
| #define HAVE_SYS_TYPES_H 1
| #define HAVE_SYS_STAT_H 1
| #define HAVE_STDLIB_H 1
| #define HAVE_STRING_H 1
| #define HAVE_MEMORY_H 1
| #define HAVE_STRINGS_H 1
| #define HAVE_INTTYPES_H 1
| #define HAVE_STDINT_H 1
| #define HAVE_UNISTD_H 1
| #define SIZEOF_SHORT 2
| #define SIZEOF_INT 4
| #define SIZEOF_LONG 4
| #define U16 unsigned short
| #define U32 unsigned
| #define HAVE_DIRENT_H 1
| /* end confdefs.h.  */
| #include <stdio.h>
| #ifdef HAVE_SYS_TYPES_H
| # include <sys/types.h>
| #endif
| #ifdef HAVE_SYS_STAT_H
| # include <sys/stat.h>
| #endif
| #ifdef STDC_HEADERS
| # include <stdlib.h>
| # include <stddef.h>
| #else
| # ifdef HAVE_STDLIB_H
| #  include <stdlib.h>
| # endif
| #endif
| #ifdef HAVE_STRING_H
| # if !defined STDC_HEADERS && defined HAVE_MEMORY_H
| #  include <memory.h>
| # endif
| # include <string.h>
| #endif
| #ifdef HAVE_STRINGS_H
| # include <strings.h>
| #endif
| #ifdef HAVE_INTTYPES_H
| # include <inttypes.h>
| #endif
| #ifdef HAVE_STDINT_H
| # include <stdint.h>
| #endif
| #ifdef HAVE_UNISTD_H
| # include <unistd.h>
| #endif
| #include <sys/select.h>
configure:5603: result: no
configure:5603: checking sys/select.h presence
configure:5603: gcc -E  conftest.c
conftest.c:25:10: fatal error: sys/select.h: No such file or directory
   25 | #include <sys/select.h>
      |          ^~~~~~~~~~~~~~
compilation terminated.
configure:5603: $? = 1
configure: failed program was:
| /* confdefs.h */
| #define PACKAGE_NAME ""
| #define PACKAGE_TARNAME ""
| #define PACKAGE_VERSION ""
| #define PACKAGE_STRING ""
| #define PACKAGE_BUGREPORT ""
| #define PACKAGE_URL ""
| #define STDC_HEADERS 1
| #define HAVE_SYS_TYPES_H 1
| #define HAVE_SYS_STAT_H 1
| #define HAVE_STDLIB_H 1
| #define HAVE_STRING_H 1
| #define HAVE_MEMORY_H 1
| #define HAVE_STRINGS_H 1
| #define HAVE_INTTYPES_H 1
| #define HAVE_STDINT_H 1
| #define HAVE_UNISTD_H 1
| #define SIZEOF_SHORT 2
| #define SIZEOF_INT 4
| #define SIZEOF_LONG 4
| #define U16 unsigned short
| #define U32 unsigned
| #define HAVE_DIRENT_H 1
| /* end confdefs.h.  */
| #include <sys/select.h>
configure:5603: result: no
configure:5603: checking for sys/select.h
configure:5603: result: no
configure:5603: checking sys/stdtypes.h usability
configure:5603: gcc -c   conftest.c >&5
conftest.c:58:10: fatal error: sys/stdtypes.h: No such file or directory
   58 | #include <sys/stdtypes.h>
      |          ^~~~~~~~~~~~~~~~
compilation terminated.
configure:5603: $? = 1
configure: failed program was:
| /* confdefs.h */
| #define PACKAGE_NAME ""
| #define PACKAGE_TARNAME ""
| #define PACKAGE_VERSION ""
| #define PACKAGE_STRING ""
| #define PACKAGE_BUGREPORT ""
| #define PACKAGE_URL ""
| #define STDC_HEADERS 1
| #define HAVE_SYS_TYPES_H 1
| #define HAVE_SYS_STAT_H 1
| #define HAVE_STDLIB_H 1
| #define HAVE_STRING_H 1
| #define HAVE_MEMORY_H 1
| #define HAVE_STRINGS_H 1
| #define HAVE_INTTYPES_H 1
| #define HAVE_STDINT_H 1
| #define HAVE_UNISTD_H 1
| #define SIZEOF_SHORT 2
| #define SIZEOF_INT 4
| #define SIZEOF_LONG 4
| #define U16 unsigned short
| #define U32 unsigned
| #define HAVE_DIRENT_H 1
| /* end confdefs.h.  */
| #include <stdio.h>
| #ifdef HAVE_SYS_TYPES_H
| # include <sys/types.h>
| #endif
| #ifdef HAVE_SYS_STAT_H
| # include <sys/stat.h>
| #endif
| #ifdef STDC_HEADERS
| # include <stdlib.h>
| # include <stddef.h>
| #else
| # ifdef HAVE_STDLIB_H
| #  include <stdlib.h>
| # endif
| #endif
| #ifdef HAVE_STRING_H
| # if !defined STDC_HEADERS && defined HAVE_MEMORY_H
| #  include <memory.h>
| # endif
| # include <string.h>
| #endif
| #ifdef HAVE_STRINGS_H
| # include <strings.h>
| #endif
| #ifdef HAVE_INTTYPES_H
| # include <inttypes.h>
| #endif
| #ifdef HAVE_STDINT_H
| # include <stdint.h>
| #endif
| #ifdef HAVE_UNISTD_H
| # include <unistd.h>
| #endif
| #include <sys/stdtypes.h>
configure:5603: result: no
configure:5603: checking sys/stdtypes.h presence
configure:5603: gcc -E  conftest.c
conftest.c:25:10: fatal error: sys/stdtypes.h: No such file or directory
   25 | #include <sys/stdtypes.h>
      |          ^~~~~~~~~~~~~~~~
compilation terminated.
configure:5603: $? = 1
configure: failed program was:
| /* confdefs.h */
| #define PACKAGE_NAME ""
| #define PACKAGE_TARNAME ""
| #define PACKAGE_VERSION ""
| #define PACKAGE_STRING ""
| #define PACKAGE_BUGREPORT ""
| #define PACKAGE_URL ""
| #define STDC_HEADERS 1
| #define HAVE_SYS_TYPES_H 1
| #define HAVE_SYS_STAT_H 1
| #define HAVE_STDLIB_H 1
| #define HAVE_STRING_H 1
| #define HAVE_MEMORY_H 1
| #define HAVE_STRINGS_H 1
| #define HAVE_INTTYPES_H 1
| #define HAVE_STDINT_H 1
| #define HAVE_UNISTD_H 1
| #define SIZEOF_SHORT 2
| #define SIZEOF_INT 4
| #define SIZEOF_LONG 4
| #define U16 unsigned short
| #define U32 unsigned
| #define HAVE_DIRENT_H 1
| /* end confdefs.h.  */
| #include <sys/stdtypes.h>
configure:5603: result: no
configure:5603: checking for sys/stdtypes.h
configure:5603: result: no
configure:5614: checking whether we have the POSIX compatible scandir() prototype
configure:5643: g++ -c   conftest.cpp >&5
conftest.cpp: In function 'int func(const char*, dirent***, void*)':
conftest.cpp:27:29: error: 'scandir' was not declared in this scope
   27 |                     int n = scandir(d, list, 0, (int(*)(const dirent **, const dirent **))sort);
      |                             ^~~~~~~
configure:5643: $? = 1
configure: failed program was:
| /* confdefs.h */
| #define PACKAGE_NAME ""
| #define PACKAGE_TARNAME ""
| #define PACKAGE_VERSION ""
| #define PACKAGE_STRING ""
| #define PACKAGE_BUGREPORT ""
| #define PACKAGE_URL ""
| #define STDC_HEADERS 1
| #define HAVE_SYS_TYPES_H 1
| #define HAVE_SYS_STAT_H 1
| #define HAVE_STDLIB_H 1
| #define HAVE_STRING_H 1
| #define HAVE_MEMORY_H 1
| #define HAVE_STRINGS_H 1
| #define HAVE_INTTYPES_H 1
| #define HAVE_STDINT_H 1
| #define HAVE_UNISTD_H 1
| #define SIZEOF_SHORT 2
| #define SIZEOF_INT 4
| #define SIZEOF_LONG 4
| #define U16 unsigned short
| #define U32 unsigned
| #define HAVE_DIRENT_H 1
| /* end confdefs.h.  */
| #include <dirent.h>
| 		  int func (const char *d, dirent ***list, void *sort) {
| 		    int n = scandir(d, list, 0, (int(*)(const dirent **, const dirent **))sort);
| 		    return n;
| 		  }
| 
| int
| main ()
| {
| 
| 
|   ;
|   return 0;
| }
configure:5657: result: no
configure:5666: checking for scandir
configure:5666: gcc -o conftest.exe    conftest.c  >&5
C:/Program Files/mingw64/bin/../lib/gcc/x86_64-w64-mingw32/13.1.0/../../../../x86_64-w64-mingw32/bin/ld.exe: C:\Users\User\AppData\Local\Temp\ccSoOZi9.o:conftest.c:(.text+0xe): undefined reference to `scandir'
collect2.exe: error: ld returned 1 exit status
configure:5666: $? = 1
configure: failed program was:
| /* confdefs.h */
| #define PACKAGE_NAME ""
| #define PACKAGE_TARNAME ""
| #define PACKAGE_VERSION ""
| #define PACKAGE_STRING ""
| #define PACKAGE_BUGREPORT ""
| #define PACKAGE_URL ""
| #define STDC_HEADERS 1
| #define HAVE_SYS_TYPES_H 1
| #define HAVE_SYS_STAT_H 1
| #define HAVE_STDLIB_H 1
| #define HAVE_STRING_H 1
| #define HAVE_MEMORY_H 1
| #define HAVE_STRINGS_H 1
| #define HAVE_INTTYPES_H 1
| #define HAVE_STDINT_H 1
| #define HAVE_UNISTD_H 1
| #define SIZEOF_SHORT 2
| #define SIZEOF_INT 4
| #define SIZEOF_LONG 4
| #define U16 unsigned short
| #define U32 unsigned
| #define HAVE_DIRENT_H 1
| /* end confdefs.h.  */
| /* Define scandir to an innocuous variant, in case <limits.h> declares scandir.
|    For example, HP-UX 11i <limits.h> declares gettimeofday.  */
| #define scandir innocuous_scandir
| 
| /* System header to define __stub macros and hopefully few prototypes,
|     which can conflict with char scandir (); below.
|     Prefer <limits.h> to <assert.h> if __STDC__ is defined, since
|     <limits.h> exists even on freestanding compilers.  */
| 
| #ifdef __STDC__
| # include <limits.h>
| #else
| # include <assert.h>
| #endif
| 
| #undef scandir
| 
| /* Override any GCC internal prototype to avoid an error.
|    Use char because int might match the return type of a GCC
|    builtin and then its argument prototype would still apply.  */
| #ifdef __cplusplus
| extern "C"
| #endif
| char scandir ();
| /* The GNU C library defines this for functions which it implements
|     to always fail with ENOSYS.  Some functions are actually named
|     something starting with __ and the normal name is an alias.  */
| #if defined __stub_scandir || defined __stub___scandir
| choke me
| #endif
| 
| int
| main ()
| {
| return scandir ();
|   ;
|   return 0;
| }
configure:5666: result: no
configure:5683: checking for vsnprintf
configure:5683: gcc -o conftest.exe    conftest.c  >&5
conftest.c:48:6: warning: conflicting types for built-in function 'vsnprintf'; expected 'int(char *, long long unsigned int,  const char *, char *)' [-Wbuiltin-declaration-mismatch]
   48 | char vsnprintf ();
      |      ^~~~~~~~~
conftest.c:36:1: note: 'vsnprintf' is declared in header '<stdio.h>'
   35 | # include <limits.h>
   36 | #else
configure:5683: $? = 0
configure:5683: result: yes
configure:5702: checking for snprintf
configure:5702: gcc -o conftest.exe    conftest.c  >&5
conftest.c:49:6: warning: conflicting types for built-in function 'snprintf'; expected 'int(char *, long long unsigned int,  const char *, ...)' [-Wbuiltin-declaration-mismatch]
   49 | char snprintf ();
      |      ^~~~~~~~
conftest.c:37:1: note: 'snprintf' is declared in header '<stdio.h>'
   36 | # include <limits.h>
   37 | #else
configure:5702: $? = 0
configure:5702: result: yes
configure:5723: checking for strings.h
configure:5723: result: yes
configure:5736: checking for strcasecmp
configure:5736: gcc -o conftest.exe    conftest.c  >&5
conftest.c:51:6: warning: conflicting types for built-in function 'strcasecmp'; expected 'int(const char *, const char *)' [-Wbuiltin-declaration-mismatch]
   51 | char strcasecmp ();
      |      ^~~~~~~~~~
configure:5736: $? = 0
configure:5736: result: yes
configure:5736: checking for strlcat
configure:5736: gcc -o conftest.exe    conftest.c  >&5
C:/Program Files/mingw64/bin/../lib/gcc/x86_64-w64-mingw32/13.1.0/../../../../x86_64-w64-mingw32/bin/ld.exe: C:\Users\User\AppData\Local\Temp\ccxcBZHp.o:conftest.c:(.text+0xe): undefined reference to `strlcat'
collect2.exe: error: ld returned 1 exit status
configure:5736: $? = 1
configure: failed program was:
| /* confdefs.h */
| #define PACKAGE_NAME ""
| #define PACKAGE_TARNAME ""
| #define PACKAGE_VERSION ""
| #define PACKAGE_STRING ""
| #define PACKAGE_BUGREPORT ""
| #define PACKAGE_URL ""
| #define STDC_HEADERS 1
| #define HAVE_SYS_TYPES_H 1
| #define HAVE_SYS_STAT_H 1
| #define HAVE_STDLIB_H 1
| #define HAVE_STRING_H 1
| #define HAVE_MEMORY_H 1
| #define HAVE_STRINGS_H 1
| #define HAVE_INTTYPES_H 1
| #define HAVE_STDINT_H 1
| #define HAVE_UNISTD_H 1
| #define SIZEOF_SHORT 2
| #define SIZEOF_INT 4
| #define SIZEOF_LONG 4
| #define U16 unsigned short
| #define U32 unsigned
| #define HAVE_DIRENT_H 1
| #define HAVE_VSNPRINTF 1
| #define HAVE_SNPRINTF 1
| #define HAVE_STRINGS_H 1
| #define HAVE_STRCASECMP 1
| /* end confdefs.h.  */
| /* Define strlcat to an innocuous variant, in case <limits.h> declares strlcat.
|    For example, HP-UX 11i <limits.h> declares gettimeofday.  */
| #define strlcat innocuous_strlcat
| 
| /* System header to define __stub macros and hopefully few prototypes,
|     which can conflict with char strlcat (); below.
|     Prefer <limits.h> to <assert.h> if __STDC__ is defined, since
|     <limits.h> exists even on freestanding compilers.  */
| 
| #ifdef __STDC__
| # include <limits.h>
| #else
| # include <assert.h>
| #endif
| 
| #undef strlcat
| 
| /* Override any GCC internal prototype to avoid an error.
|    Use char because int might match the return type of a GCC
|    builtin and then its argument prototype would still apply.  */
| #ifdef __cplusplus
| extern "C"
| #endif
| char strlcat ();
| /* The GNU C library defines this for functions which it implements
|     to always fail with ENOSYS.  Some functions are actually named
|     something starting with __ and the normal name is an alias.  */
| #if defined __stub_strlcat || defined __stub___strlcat
| choke me
| #endif
| 
| int
| main ()
| {
| return strlcat ();
|   ;
|   return 0;
| }
configure:5736: result: no
configure:5736: checking for strlcpy
configure:5736: gcc -o conftest.exe    conftest.c  >&5
C:/Program Files/mingw64/bin/../lib/gcc/x86_64-w64-mingw32/13.1.0/../../../../x86_64-w64-mingw32/bin/ld.exe: C:\Users\User\AppData\Local\Temp\ccrZwjGi.o:conftest.c:(.text+0xe): undefined reference to `strlcpy'
collect2.exe: error: ld returned 1 exit status
configure:5736: $? = 1
configure: failed program was:
| /* confdefs.h */
| #define PACKAGE_NAME ""
| #define PACKAGE_TARNAME ""
| #define PACKAGE_VERSION ""
| #define PACKAGE_STRING ""
| #define PACKAGE_BUGREPORT ""
| #define PACKAGE_URL ""
| #define STDC_HEADERS 1
| #define HAVE_SYS_TYPES_H 1
| #define HAVE_SYS_STAT_H 1
| #define HAVE_STDLIB_H 1
| #define HAVE_STRING_H 1
| #define HAVE_MEMORY_H 1
| #define HAVE_STRINGS_H 1
| #define HAVE_INTTYPES_H 1
| #define HAVE_STDINT_H 1
| #define HAVE_UNISTD_H 1
| #define SIZEOF_SHORT 2
| #define SIZEOF_INT 4
| #define SIZEOF_LONG 4
| #define U16 unsigned short
| #define U32 unsigned
| #define HAVE_DIRENT_H 1
| #define HAVE_VSNPRINTF 1
| #define HAVE_SNPRINTF 1
| #define HAVE_STRINGS_H 1
| #define HAVE_STRCASECMP 1
| /* end confdefs.h.  */
| /* Define strlcpy to an innocuous variant, in case <limits.h> declares strlcpy.
|    For example, HP-UX 11i <limits.h> declares gettimeofday.  */
| #define strlcpy innocuous_strlcpy
| 
| /* System header to define __stub macros and hopefully few prototypes,
|     which can conflict with char strlcpy (); below.
|     Prefer <limits.h> to <assert.h> if __STDC__ is defined, since
|     <limits.h> exists even on freestanding compilers.  */
| 
| #ifdef __STDC__
| # include <limits.h>
| #else
| # include <assert.h>
| #endif
| 
| #undef strlcpy
| 
| /* Override any GCC internal prototype to avoid an error.
|    Use char because int might match the return type of a GCC
|    builtin and then its argument prototype would still apply.  */
| #ifdef __cplusplus
| extern "C"
| #endif
| char strlcpy ();
| /* The GNU C library defines this for functions which it implements
|     to always fail with ENOSYS.  Some functions are actually named
|     something starting with __ and the normal name is an alias.  */
| #if defined __stub_strlcpy || defined __stub___strlcpy
| choke me
| #endif
| 
| int
| main ()
| {
| return strlcpy ();
|   ;
|   return 0;
| }
configure:5736: result: no
configure:5748: checking locale.h usability
configure:5748: gcc -c   conftest.c >&5
configure:5748: $? = 0
configure:5748: result: yes
configure:5748: checking locale.h presence
configure:5748: gcc -E  conftest.c
configure:5748: $? = 0
configure:5748: result: yes
configure:5748: checking for locale.h
configure:5748: result: yes
configure:5760: checking for localeconv
configure:5760: gcc -o conftest.exe    conftest.c  >&5
configure:5760: $? = 0
configure:5760: result: yes
configure:5770: checking for library containing pow
configure:5801: gcc -o conftest.exe    conftest.c  >&5
conftest.c:38:6: warning: conflicting types for built-in function 'pow'; expected 'double(double,  double)' [-Wbuiltin-declaration-mismatch]
   38 | char pow ();
      |      ^~~
conftest.c:1:1: note: 'pow' is declared in header '<math.h>'
    1 | /* confdefs.h */
configure:5801: $? = 0
configure:5818: result: none required
configure:5834: checking for special C compiler options needed for large files
configure:5879: result: no
configure:5885: checking for _FILE_OFFSET_BITS value needed for large files
configure:5910: gcc -c   conftest.c >&5
conftest.c:36:41: warning: result of '-2147483648 << 31' requires 63 bits to represent, but 'long int' only has 32 bits [-Wshift-overflow=]
   36 | #define LARGE_OFF_T ((((off_t) 1 << 31) << 31) - 1 + (((off_t) 1 << 31) << 31))
      |                                         ^~
conftest.c:37:23: note: in expansion of macro 'LARGE_OFF_T'
   37 |   int off_t_is_large[(LARGE_OFF_T % 2147483629 == 721
      |                       ^~~~~~~~~~~
conftest.c:36:73: warning: result of '-2147483648 << 31' requires 63 bits to represent, but 'long int' only has 32 bits [-Wshift-overflow=]
   36 | #define LARGE_OFF_T ((((off_t) 1 << 31) << 31) - 1 + (((off_t) 1 << 31) << 31))
      |                                                                         ^~
conftest.c:37:23: note: in expansion of macro 'LARGE_OFF_T'
   37 |   int off_t_is_large[(LARGE_OFF_T % 2147483629 == 721
      |                       ^~~~~~~~~~~
conftest.c:36:41: warning: result of '-2147483648 << 31' requires 63 bits to represent, but 'long int' only has 32 bits [-Wshift-overflow=]
   36 | #define LARGE_OFF_T ((((off_t) 1 << 31) << 31) - 1 + (((off_t) 1 << 31) << 31))
      |                                         ^~
conftest.c:38:27: note: in expansion of macro 'LARGE_OFF_T'
   38 |                        && LARGE_OFF_T % 2147483647 == 1)
      |                           ^~~~~~~~~~~
conftest.c:36:73: warning: result of '-2147483648 << 31' requires 63 bits to represent, but 'long int' only has 32 bits [-Wshift-overflow=]
   36 | #define LARGE_OFF_T ((((off_t) 1 << 31) << 31) - 1 + (((off_t) 1 << 31) << 31))
      |                                                                         ^~
conftest.c:38:27: note: in expansion of macro 'LARGE_OFF_T'
   38 |                        && LARGE_OFF_T % 2147483647 == 1)
      |                           ^~~~~~~~~~~
conftest.c:37:7: error: variably modified 'off_t_is_large' at file scope
   37 |   int off_t_is_large[(LARGE_OFF_T % 2147483629 == 721
      |       ^~~~~~~~~~~~~~
configure:5910: $? = 1
configure: failed program was:
| /* confdefs.h */
| #define PACKAGE_NAME ""
| #define PACKAGE_TARNAME ""
| #define PACKAGE_VERSION ""
| #define PACKAGE_STRING ""
| #define PACKAGE_BUGREPORT ""
| #define PACKAGE_URL ""
| #define STDC_HEADERS 1
| #define HAVE_SYS_TYPES_H 1
| #define HAVE_SYS_STAT_H 1
| #define HAVE_STDLIB_H 1
| #define HAVE_STRING_H 1
| #define HAVE_MEMORY_H 1
| #define HAVE_STRINGS_H 1
| #define HAVE_INTTYPES_H 1
| #define HAVE_STDINT_H 1
| #define HAVE_UNISTD_H 1
| #define SIZEOF_SHORT 2
| #define SIZEOF_INT 4
| #define SIZEOF_LONG 4
| #define U16 unsigned short
| #define U32 unsigned
| #define HAVE_DIRENT_H 1
| #define HAVE_VSNPRINTF 1
| #define HAVE_SNPRINTF 1
| #define HAVE_STRINGS_H 1
| #define HAVE_STRCASECMP 1
| #define HAVE_LOCALE_H 1
| #define HAVE_LOCALECONV 1
| /* end confdefs.h.  */
| #include <sys/types.h>
|  /* Check that off_t can represent 2**63 - 1 correctly.
|     We can't simply define LARGE_OFF_T to be 9223372036854775807,
|     since some C++ compilers masquerading as C compilers
|     incorrectly reject 9223372036854775807.  */
| #define LARGE_OFF_T ((((off_t) 1 << 31) << 31) - 1 + (((off_t) 1 << 31) << 31))
|   int off_t_is_large[(LARGE_OFF_T % 2147483629 == 721
| 		       && LARGE_OFF_T % 2147483647 == 1)
| 		      ? 1 : -1];
| int
| main ()
| {
| 
|   ;
|   return 0;
| }
configure:5934: gcc -c   conftest.c >&5
configure:5934: $? = 0
configure:5942: result: 64
configure:6042: checking for long long int
configure:6069: result: yes
configure:6077: checking for library containing dlsym
configure:6108: gcc -o conftest.exe    conftest.c  >&5
C:/Program Files/mingw64/bin/../lib/gcc/x86_64-w64-mingw32/13.1.0/../../../../x86_64-w64-mingw32/bin/ld.exe: C:\Users\User\AppData\Local\Temp\cckhiel4.o:conftest.c:(.text+0xe): undefined reference to `dlsym'
collect2.exe: error: ld returned 1 exit status
configure:6108: $? = 1
configure: failed program was:
| /* confdefs.h */
| #define PACKAGE_NAME ""
| #define PACKAGE_TARNAME ""
| #define PACKAGE_VERSION ""
| #define PACKAGE_STRING ""
| #define PACKAGE_BUGREPORT ""
| #define PACKAGE_URL ""
| #define STDC_HEADERS 1
| #define HAVE_SYS_TYPES_H 1
| #define HAVE_SYS_STAT_H 1
| #define HAVE_STDLIB_H 1
| #define HAVE_STRING_H 1
| #define HAVE_MEMORY_H 1
| #define HAVE_STRINGS_H 1
| #define HAVE_INTTYPES_H 1
| #define HAVE_STDINT_H 1
| #define HAVE_UNISTD_H 1
| #define SIZEOF_SHORT 2
| #define SIZEOF_INT 4
| #define SIZEOF_LONG 4
| #define U16 unsigned short
| #define U32 unsigned
| #define HAVE_DIRENT_H 1
| #define HAVE_VSNPRINTF 1
| #define HAVE_SNPRINTF 1
| #define HAVE_STRINGS_H 1
| #define HAVE_STRCASECMP 1
| #define HAVE_LOCALE_H 1
| #define HAVE_LOCALECONV 1
| #define _FILE_OFFSET_BITS 64
| #define HAVE_LONG_LONG 1
| /* end confdefs.h.  */
| 
| /* Override any GCC internal prototype to avoid an error.
|    Use char because int might match the return type of a GCC
|    builtin and then its argument prototype would still apply.  */
| #ifdef __cplusplus
| extern "C"
| #endif
| char dlsym ();
| int
| main ()
| {
| return dlsym ();
|   ;
|   return 0;
| }
configure:6108: gcc -o conftest.exe    conftest.c -ldl   >&5
C:/Program Files/mingw64/bin/../lib/gcc/x86_64-w64-mingw32/13.1.0/../../../../x86_64-w64-mingw32/bin/ld.exe: cannot find -ldl: No such file or directory
collect2.exe: error: ld returned 1 exit status
configure:6108: $? = 1
configure: failed program was:
| /* confdefs.h */
| #define PACKAGE_NAME ""
| #define PACKAGE_TARNAME ""
| #define PACKAGE_VERSION ""
| #define PACKAGE_STRING ""
| #define PACKAGE_BUGREPORT ""
| #define PACKAGE_URL ""
| #define STDC_HEADERS 1
| #define HAVE_SYS_TYPES_H 1
| #define HAVE_SYS_STAT_H 1
| #define HAVE_STDLIB_H 1
| #define HAVE_STRING_H 1
| #define HAVE_MEMORY_H 1
| #define HAVE_STRINGS_H 1
| #define HAVE_INTTYPES_H 1
| #define HAVE_STDINT_H 1
| #define HAVE_UNISTD_H 1
| #define SIZEOF_SHORT 2
| #define SIZEOF_INT 4
| #define SIZEOF_LONG 4
| #define U16 unsigned short
| #define U32 unsigned
| #define HAVE_DIRENT_H 1
| #define HAVE_VSNPRINTF 1
| #define HAVE_SNPRINTF 1
| #define HAVE_STRINGS_H 1
| #define HAVE_STRCASECMP 1
| #define HAVE_LOCALE_H 1
| #define HAVE_LOCALECONV 1
| #define _FILE_OFFSET_BITS 64
| #define HAVE_LONG_LONG 1
| /* end confdefs.h.  */
| 
| /* Override any GCC internal prototype to avoid an error.
|    Use char because int might match the return type of a GCC
|    builtin and then its argument prototype would still apply.  */
| #ifdef __cplusplus
| extern "C"
| #endif
| char dlsym ();
| int
| main ()
| {
| return dlsym ();
|   ;
|   return 0;
| }
configure:6125: result: no
configure:6134: checking dlfcn.h usability
configure:6134: gcc -c   conftest.c >&5
conftest.c:66:10: fatal error: dlfcn.h: No such file or directory
   66 | #include <dlfcn.h>
      |          ^~~~~~~~~
compilation terminated.
configure:6134: $? = 1
configure: failed program was:
| /* confdefs.h */
| #define PACKAGE_NAME ""
| #define PACKAGE_TARNAME ""
| #define PACKAGE_VERSION ""
| #define PACKAGE_STRING ""
| #define PACKAGE_BUGREPORT ""
| #define PACKAGE_URL ""
| #define STDC_HEADERS 1
| #define HAVE_SYS_TYPES_H 1
| #define HAVE_SYS_STAT_H 1
| #define HAVE_STDLIB_H 1
| #define HAVE_STRING_H 1
| #define HAVE_MEMORY_H 1
| #define HAVE_STRINGS_H 1
| #define HAVE_INTTYPES_H 1
| #define HAVE_STDINT_H 1
| #define HAVE_UNISTD_H 1
| #define SIZEOF_SHORT 2
| #define SIZEOF_INT 4
| #define SIZEOF_LONG 4
| #define U16 unsigned short
| #define U32 unsigned
| #define HAVE_DIRENT_H 1
| #define HAVE_VSNPRINTF 1
| #define HAVE_SNPRINTF 1
| #define HAVE_STRINGS_H 1
| #define HAVE_STRCASECMP 1
| #define HAVE_LOCALE_H 1
| #define HAVE_LOCALECONV 1
| #define _FILE_OFFSET_BITS 64
| #define HAVE_LONG_LONG 1
| /* end confdefs.h.  */
| #include <stdio.h>
| #ifdef HAVE_SYS_TYPES_H
| # include <sys/types.h>
| #endif
| #ifdef HAVE_SYS_STAT_H
| # include <sys/stat.h>
| #endif
| #ifdef STDC_HEADERS
| # include <stdlib.h>
| # include <stddef.h>
| #else
| # ifdef HAVE_STDLIB_H
| #  include <stdlib.h>
| # endif
| #endif
| #ifdef HAVE_STRING_H
| # if !defined STDC_HEADERS && defined HAVE_MEMORY_H
| #  include <memory.h>
| # endif
| # include <string.h>
| #endif
| #ifdef HAVE_STRINGS_H
| # include <strings.h>
| #endif
| #ifdef HAVE_INTTYPES_H
| # include <inttypes.h>
| #endif
| #ifdef HAVE_STDINT_H
| # include <stdint.h>
| #endif
| #ifdef HAVE_UNISTD_H
| # include <unistd.h>
| #endif
| #include <dlfcn.h>
configure:6134: result: no
configure:6134: checking dlfcn.h presence
configure:6134: gcc -E  conftest.c
conftest.c:33:10: fatal error: dlfcn.h: No such file or directory
   33 | #include <dlfcn.h>
      |          ^~~~~~~~~
compilation terminated.
configure:6134: $? = 1
configure: failed program was:
| /* confdefs.h */
| #define PACKAGE_NAME ""
| #define PACKAGE_TARNAME ""
| #define PACKAGE_VERSION ""
| #define PACKAGE_STRING ""
| #define PACKAGE_BUGREPORT ""
| #define PACKAGE_URL ""
| #define STDC_HEADERS 1
| #define HAVE_SYS_TYPES_H 1
| #define HAVE_SYS_STAT_H 1
| #define HAVE_STDLIB_H 1
| #define HAVE_STRING_H 1
| #define HAVE_MEMORY_H 1
| #define HAVE_STRINGS_H 1
| #define HAVE_INTTYPES_H 1
| #define HAVE_STDINT_H 1
| #define HAVE_UNISTD_H 1
| #define SIZEOF_SHORT 2
| #define SIZEOF_INT 4
| #define SIZEOF_LONG 4
| #define U16 unsigned short
| #define U32 unsigned
| #define HAVE_DIRENT_H 1
| #define HAVE_VSNPRINTF 1
| #define HAVE_SNPRINTF 1
| #define HAVE_STRINGS_H 1
| #define HAVE_STRCASECMP 1
| #define HAVE_LOCALE_H 1
| #define HAVE_LOCALECONV 1
| #define _FILE_OFFSET_BITS 64
| #define HAVE_LONG_LONG 1
| /* end confdefs.h.  */
| #include <dlfcn.h>
configure:6134: result: no
configure:6134: checking for dlfcn.h
configure:6134: result: no
configure:6186: checking for jpeg_CreateCompress in -ljpeg
configure:6211: gcc -o conftest.exe    conftest.c -ljpeg   >&5
C:/Program Files/mingw64/bin/../lib/gcc/x86_64-w64-mingw32/13.1.0/../../../../x86_64-w64-mingw32/bin/ld.exe: cannot find -ljpeg: No such file or directory
collect2.exe: error: ld returned 1 exit status
configure:6211: $? = 1
configure: failed program was:
| /* confdefs.h */
| #define PACKAGE_NAME ""
| #define PACKAGE_TARNAME ""
| #define PACKAGE_VERSION ""
| #define PACKAGE_STRING ""
| #define PACKAGE_BUGREPORT ""
| #define PACKAGE_URL ""
| #define STDC_HEADERS 1
| #define HAVE_SYS_TYPES_H 1
| #define HAVE_SYS_STAT_H 1
| #define HAVE_STDLIB_H 1
| #define HAVE_STRING_H 1
| #define HAVE_MEMORY_H 1
| #define HAVE_STRINGS_H 1
| #define HAVE_INTTYPES_H 1
| #define HAVE_STDINT_H 1
| #define HAVE_UNISTD_H 1
| #define SIZEOF_SHORT 2
| #define SIZEOF_INT 4
| #define SIZEOF_LONG 4
| #define U16 unsigned short
| #define U32 unsigned
| #define HAVE_DIRENT_H 1
| #define HAVE_VSNPRINTF 1
| #define HAVE_SNPRINTF 1
| #define HAVE_STRINGS_H 1
| #define HAVE_STRCASECMP 1
| #define HAVE_LOCALE_H 1
| #define HAVE_LOCALECONV 1
| #define _FILE_OFFSET_BITS 64
| #define HAVE_LONG_LONG 1
| /* end confdefs.h.  */
| 
| /* Override any GCC internal prototype to avoid an error.
|    Use char because int might match the return type of a GCC
|    builtin and then its argument prototype would still apply.  */
| #ifdef __cplusplus
| extern "C"
| #endif
| char jpeg_CreateCompress ();
| int
| main ()
| {
| return jpeg_CreateCompress ();
|   ;
|   return 0;
| }
configure:6220: result: no
configure:6270: checking for gzgets in -lz
configure:6295: gcc -o conftest.exe    conftest.c -lz   >&5
configure:6295: $? = 0
configure:6304: result: yes
configure:6307: checking zlib.h usability
configure:6307: gcc -c   conftest.c >&5
configure:6307: $? = 0
configure:6307: result: yes
configure:6307: checking zlib.h presence
configure:6307: gcc -E  conftest.c
configure:6307: $? = 0
configure:6307: result: yes
configure:6307: checking for zlib.h
configure:6307: result: yes
configure:6358: checking for png_read_info in -lpng
configure:6383: gcc -o conftest.exe    conftest.c -lpng  -lz  >&5
C:/Program Files/mingw64/bin/../lib/gcc/x86_64-w64-mingw32/13.1.0/../../../../x86_64-w64-mingw32/bin/ld.exe: cannot find -lpng: No such file or directory
collect2.exe: error: ld returned 1 exit status
configure:6383: $? = 1
configure: failed program was:
| /* confdefs.h */
| #define PACKAGE_NAME ""
| #define PACKAGE_TARNAME ""
| #define PACKAGE_VERSION ""
| #define PACKAGE_STRING ""
| #define PACKAGE_BUGREPORT ""
| #define PACKAGE_URL ""
| #define STDC_HEADERS 1
| #define HAVE_SYS_TYPES_H 1
| #define HAVE_SYS_STAT_H 1
| #define HAVE_STDLIB_H 1
| #define HAVE_STRING_H 1
| #define HAVE_MEMORY_H 1
| #define HAVE_STRINGS_H 1
| #define HAVE_INTTYPES_H 1
| #define HAVE_STDINT_H 1
| #define HAVE_UNISTD_H 1
| #define SIZEOF_SHORT 2
| #define SIZEOF_INT 4
| #define SIZEOF_LONG 4
| #define U16 unsigned short
| #define U32 unsigned
| #define HAVE_DIRENT_H 1
| #define HAVE_VSNPRINTF 1
| #define HAVE_SNPRINTF 1
| #define HAVE_STRINGS_H 1
| #define HAVE_STRCASECMP 1
| #define HAVE_LOCALE_H 1
| #define HAVE_LOCALECONV 1
| #define _FILE_OFFSET_BITS 64
| #define HAVE_LONG_LONG 1
| #define HAVE_LIBJPEG 1
| #define HAVE_LIBZ 1
| /* end confdefs.h.  */
| 
| /* Override any GCC internal prototype to avoid an error.
|    Use char because int might match the return type of a GCC
|    builtin and then its argument prototype would still apply.  */
| #ifdef __cplusplus
| extern "C"
| #endif
| char png_read_info ();
| int
| main ()
| {
| return png_read_info ();
|   ;
|   return 0;
| }
configure:6392: result: no
configure:6648: checking GL/gl.h usability
configure:6648: gcc -c -mwindows -DWIN32 -DUSE_OPENGL32   conftest.c >&5
configure:6648: $? = 0
configure:6648: result: yes
configure:6648: checking GL/gl.h presence
configure:6648: gcc -E  conftest.c
configure:6648: $? = 0
configure:6648: result: yes
configure:6648: checking for GL/gl.h
configure:6648: result: yes
configure:6656: checking GL/glu.h usability
configure:6656: gcc -c -mwindows -DWIN32 -DUSE_OPENGL32   conftest.c >&5
configure:6656: $? = 0
configure:6656: result: yes
configure:6656: checking GL/glu.h presence
configure:6656: gcc -E  conftest.c
configure:6656: $? = 0
configure:6656: result: yes
configure:6656: checking for GL/glu.h
configure:6656: result: yes
configure:8375: checking if GCC supports -fno-exceptions
configure:8390: gcc -c -mwindows -DWIN32 -DUSE_OPENGL32  -fno-exceptions  conftest.c >&5
configure:8390: $? = 0
configure:8392: result: yes
configure:8402: checking if GCC supports -fno-strict-aliasing
configure:8417: gcc -c -mwindows -DWIN32 -DUSE_OPENGL32  -fno-strict-aliasing  conftest.c >&5
configure:8417: $? = 0
configure:8419: result: yes
configure:8429: checking if ld supports -no-undefined
configure:8444: gcc -o conftest.exe -mwindows -DWIN32 -DUSE_OPENGL32   -mwindows  -Wl,-no-undefined conftest.c  -lole32 -luuid -lcomctl32 >&5
configure:8444: $? = 0
configure:8446: result: yes
configure:8457: checking if ld supports -Bsymbolic-functions
configure:8472: gcc -o conftest.exe -mwindows -DWIN32 -DUSE_OPENGL32   -mwindows  -Wl,-Bsymbolic-functions conftest.c  -lole32 -luuid -lcomctl32 >&5
configure:8472: $? = 0
configure:8474: result: yes
configure:8485: checking if toolchain supports sections
configure:8502: gcc -o conftest.exe -mwindows -DWIN32 -DUSE_OPENGL32  -ffunction-sections -fdata-sections  -mwindows  -Wl,-gc-sections conftest.c  -lole32 -luuid -lcomctl32 >&5
configure:8502: $? = 0
configure:8505: result: yes
configure:8901: creating ./config.status

## ---------------------- ##
## Running config.status. ##
## ---------------------- ##

This file was extended by config.status, which was
generated by GNU Autoconf 2.69.  Invocation command line was

  CONFIG_FILES    = 
  CONFIG_HEADERS  = 
  CONFIG_LINKS    = 
  CONFIG_COMMANDS = 
  $ ./config.status 

on WIN-JQN81N4V31T

config.status:922: creating makeinclude
config.status:922: creating fltk.list
config.status:922: creating fltk-config
config.status:922: creating fltk.spec
config.status:922: creating FL/Makefile
config.status:922: creating config.h
config.status:922: creating FL/abi-version.h

## ---------------- ##
## Cache variables. ##
## ---------------- ##

ac_cv_build=x86_64-pc-mingw64
ac_cv_c_bigendian=no
ac_cv_c_compiler_gnu=yes
ac_cv_c_long_long=yes
ac_cv_cxx_bool=yes
ac_cv_cxx_compiler_gnu=yes
ac_cv_cxx_scandir_posix=no
ac_cv_env_CCC_set=
ac_cv_env_CCC_value=
ac_cv_env_CC_set=
ac_cv_env_CC_value=
ac_cv_env_CFLAGS_set=
ac_cv_env_CFLAGS_value=
ac_cv_env_CPPFLAGS_set=
ac_cv_env_CPPFLAGS_value=
ac_cv_env_CPP_set=
ac_cv_env_CPP_value=
ac_cv_env_CXXFLAGS_set=
ac_cv_env_CXXFLAGS_value=
ac_cv_env_CXX_set=
ac_cv_env_CXX_value=
ac_cv_env_LDFLAGS_set=
ac_cv_env_LDFLAGS_value=
ac_cv_env_LIBS_set=
ac_cv_env_LIBS_value=
ac_cv_env_XMKMF_set=
ac_cv_env_XMKMF_value=
ac_cv_env_build_alias_set=
ac_cv_env_build_alias_value=
ac_cv_env_host_alias_set=
ac_cv_env_host_alias_value=
ac_cv_env_target_alias_set=
ac_cv_env_target_alias_value=
ac_cv_exeext=.exe
ac_cv_func_localeconv=yes
ac_cv_func_scandir=no
ac_cv_func_snprintf=yes
ac_cv_func_strcasecmp=yes
ac_cv_func_strlcat=no
ac_cv_func_strlcpy=no
ac_cv_func_vsnprintf=yes
ac_cv_header_GL_gl_h=yes
ac_cv_header_GL_glu_h=yes
ac_cv_header_dirent_dirent_h=yes
ac_cv_header_dlfcn_h=no
ac_cv_header_inttypes_h=yes
ac_cv_header_locale_h=yes
ac_cv_header_memory_h=yes
ac_cv_header_stdc=yes
ac_cv_header_stdint_h=yes
ac_cv_header_stdlib_h=yes
ac_cv_header_string_h=yes
ac_cv_header_strings_h=yes
ac_cv_header_sys_select_h=no
ac_cv_header_sys_stat_h=yes
ac_cv_header_sys_stdtypes_h=no
ac_cv_header_sys_types_h=yes
ac_cv_header_unistd_h=yes
ac_cv_header_zlib_h=yes
ac_cv_host=x86_64-pc-mingw64
ac_cv_lib_jpeg_jpeg_CreateCompress=no
ac_cv_lib_png_png_read_info=no
ac_cv_lib_z_gzgets=yes
ac_cv_objext=o
ac_cv_path_EGREP='/usr/bin/grep -E'
ac_cv_path_GREP=/usr/bin/grep
ac_cv_path_ac_pt_AR='/c/Program Files/mingw64/bin/ar'
ac_cv_path_ac_pt_RC='/c/Program Files/mingw64/bin/windres'
ac_cv_path_install='/usr/bin/install -c'
ac_cv_prog_CPP='gcc -E'
ac_cv_prog_ac_ct_CC=gcc
ac_cv_prog_ac_ct_CXX=g++
ac_cv_prog_ac_ct_RANLIB=ranlib
ac_cv_prog_cc_c89=
ac_cv_prog_cc_g=yes
ac_cv_prog_cxx_g=yes
ac_cv_search_dlsym=no
ac_cv_search_opendir='none required'
ac_cv_search_pow='none required'
ac_cv_sizeof_int=4
ac_cv_sizeof_long=4
ac_cv_sizeof_short=2
ac_cv_sys_file_offset_bits=64
ac_cv_sys_largefile_CC=no

## ----------------- ##
## Output variables. ##
## ----------------- ##

AR='/c/Program Files/mingw64/bin/ar'
ARCHFLAGS=''
AUDIOLIBS='-lwinmm'
BINARY_DIR=''
CAIRODIR=''
CAIRODSONAME=''
CAIROFLAGS=''
CAIROLIBBASENAME='libfltk_cairo.a'
CAIROLIBNAME='../lib/libfltk_cairo.a'
CAIROLIBS=''
CAT1EXT='1'
CAT3EXT='3'
CAT6EXT='6'
CC='gcc'
CFLAGS='-mwindows -DWIN32 -DUSE_OPENGL32 '
CPP='gcc -E'
CPPFLAGS=''
CXX='g++'
CXXFLAGS='-mwindows -DWIN32 -DUSE_OPENGL32 '
DEFS='-DHAVE_CONFIG_H'
DOXYDOC=''
DSOCOMMAND='echo'
DSOFLAGS='-mwindows  -Wl,-no-undefined -Wl,-Bsymbolic-functions -Wl,-gc-sections'
DSOLINK=''
DSONAME=''
ECHO_C=''
ECHO_N='-n'
ECHO_T=''
EGREP='/usr/bin/grep -E'
EXEEXT='.exe'
FLDSONAME=''
FLLIBBASENAME='libfltk_forms.a'
FLLIBNAME='../lib/libfltk_forms.a'
FLTKCAIROOPTION=''
FLTK_VERSION='1.3.8'
FLTK_VERSION_MAJOR='1'
FLTK_VERSION_MINOR='3'
FLTK_VERSION_PATCH='8'
FLUID='fluid'
FLUID_BUILD='../fluid/fluid.exe'
FL_ABI_VERSION='1.3.0'
FL_DSO_VERSION='1.3'
FTCONFIG=''
GLDEMOS='gldemos'
GLDSONAME=''
GLLIBBASENAME='libfltk_gl.a'
GLLIBNAME='../lib/libfltk_gl.a'
GLLIBS='-lglu32 -lopengl32'
GREP='/usr/bin/grep'
GROFF=''
HLINKS='#'
IMAGELIBS='-lfltk_png -lz -lfltk_jpeg '
IMGDSONAME=''
IMGLIBBASENAME='libfltk_images.a'
IMGLIBNAME='../lib/libfltk_images.a'
INSTALL_DATA='${INSTALL} -m 644'
INSTALL_DESKTOP=''
INSTALL_PROGRAM='${INSTALL}'
INSTALL_SCRIPT='${INSTALL}'
JPEG='jpeg'
JPEGINC='-I../jpeg'
LARGEFILE='-D_LARGEFILE_SOURCE -D_LARGEFILE64_SOURCE -D_FILE_OFFSET_BITS=64'
LDFLAGS='-mwindows '
LIBBASENAME='libfltk.a'
LIBCOMMAND='/c/Program Files/mingw64/bin/ar cr'
LIBEXT='.a'
LIBNAME='../lib/libfltk.a'
LIBOBJS=''
LIBS=' -lole32 -luuid -lcomctl32'
LINKFLTK='../lib/libfltk.a'
LINKFLTKCAIRO=''
LINKFLTKFORMS='../lib/libfltk_forms.a'
LINKFLTKGL='../lib/libfltk_gl.a'
LINKFLTKIMG='../lib/libfltk_images.a'
LINKSHARED=' ../lib/libfltk_images.a ../lib/libfltk_forms.a ../lib/libfltk.a'
LTLIBOBJS=''
MAKEDEPEND='$(CXX) -M'
NROFF=''
OBJEXT='o'
OPTIM=' -O3 -Wall -Wunused -Wno-format-y2k  -fno-exceptions -fno-strict-aliasing -ffunction-sections -fdata-sections'
OSX_ONLY=':'
PACKAGE_BUGREPORT=''
PACKAGE_NAME=''
PACKAGE_STRING=''
PACKAGE_TARNAME=''
PACKAGE_URL=''
PACKAGE_VERSION=''
PATH_SEPARATOR=':'
PKGCONFIG=''
PNG='png'
PNGINC='-I../png'
PTHREAD_FLAGS=''
RANLIB='ranlib'
RC='/c/Program Files/mingw64/bin/windres'
SHAREDSUFFIX=''
SHELL='/bin/sh'
STATICIMAGELIBS='$libdir/libfltk_png.a -lz $libdir/libfltk_jpeg.a '
THREADS='threads.exe'
UNINSTALL_DESKTOP=''
USEMMFILES='No'
XMKMF=''
XPROP=''
X_CFLAGS=''
X_EXTRA_LIBS=''
X_LIBS=''
X_PRE_LIBS=''
ZLIB=''
ZLIBINC=''
ac_ct_CC='gcc'
ac_ct_CXX='g++'
bindir='${exec_prefix}/bin'
build='x86_64-pc-mingw64'
build_alias=''
build_cpu='x86_64'
build_os='mingw64'
build_vendor='pc'
datadir='${datarootdir}'
datarootdir='${prefix}/share'
docdir='${datarootdir}/doc/${PACKAGE}'
dvidir='${docdir}'
exec_prefix='${prefix}'
host='x86_64-pc-mingw64'
host_alias=''
host_cpu='x86_64'
host_os='mingw64'
host_vendor='pc'
htmldir='${docdir}'
includedir='${prefix}/include'
infodir='${datarootdir}/info'
libdir='${exec_prefix}/lib'
libexecdir='${exec_prefix}/libexec'
localedir='${datarootdir}/locale'
localstatedir='${prefix}/var'
mandir='${datarootdir}/man'
oldincludedir='/usr/include'
pdfdir='${docdir}'
prefix='/d/MIPT/C_plus_plus/add_libraries/fltk_m'
program_transform_name='s,x,x,'
psdir='${docdir}'
runstatedir='${localstatedir}/run'
sbindir='${exec_prefix}/sbin'
sharedstatedir='${prefix}/com'
sysconfdir='${prefix}/etc'
target_alias=''

## ----------- ##
## confdefs.h. ##
## ----------- ##

/* confdefs.h */
#define PACKAGE_NAME ""
#define PACKAGE_TARNAME ""
#define PACKAGE_VERSION ""
#define PACKAGE_STRING ""
#define PACKAGE_BUGREPORT ""
#define PACKAGE_URL ""
#define STDC_HEADERS 1
#define HAVE_SYS_TYPES_H 1
#define HAVE_SYS_STAT_H 1
#define HAVE_STDLIB_H 1
#define HAVE_STRING_H 1
#define HAVE_MEMORY_H 1
#define HAVE_STRINGS_H 1
#define HAVE_INTTYPES_H 1
#define HAVE_STDINT_H 1
#define HAVE_UNISTD_H 1
#define SIZEOF_SHORT 2
#define SIZEOF_INT 4
#define SIZEOF_LONG 4
#define U16 unsigned short
#define U32 unsigned
#define HAVE_DIRENT_H 1
#define HAVE_VSNPRINTF 1
#define HAVE_SNPRINTF 1
#define HAVE_STRINGS_H 1
#define HAVE_STRCASECMP 1
#define HAVE_LOCALE_H 1
#define HAVE_LOCALECONV 1
#define _FILE_OFFSET_BITS 64
#define HAVE_LONG_LONG 1
#define HAVE_LIBJPEG 1
#define HAVE_LIBZ 1
#define HAVE_LIBPNG 1
#define HAVE_PNG_H 1
#define HAVE_PNG_GET_VALID 1
#define HAVE_PNG_SET_TRNS_TO_ALPHA 1
#define U32 unsigned
#define HAVE_GL 1
#define HAVE_GL_GLU_H 1
#define FLTK_DOCDIR "/local/share/doc/fltk"
#define FLTK_DATADIR "/d/MIPT/C_plus_plus/add_libraries/fltk_m/share/fltk"

configure: exit 0
